<?xml version="1.0" encoding="UTF-8"?>
<!-- Generated by org.testng.reporters.JUnitReportReporter -->
<testsuite hostname="DESKTOP-99156QE" failures="0" tests="1" name="Tests.ProductSelectTest" time="7.185" errors="0" timestamp="2020-02-12T19:03:12 EET" skipped="0">
  <testcase classname="Tests.ProductSelectTest" name="productSelect" time="7.185"/>
  <system-out/>
</testsuite> <!-- Tests.ProductSelectTest -->
