<?xml version="1.0" encoding="UTF-8"?>
<!-- Generated by org.testng.reporters.JUnitReportReporter -->
<testsuite hostname="DESKTOP-99156QE" failures="0" tests="1" name="Tests.BasketTest" time="3.574" errors="0" timestamp="2020-02-12T19:03:13 EET" skipped="0">
  <testcase classname="Tests.BasketTest" name="basketOps" time="3.574"/>
  <system-out/>
</testsuite> <!-- Tests.BasketTest -->
