<?xml version="1.0" encoding="UTF-8"?>
<!-- Generated by org.testng.reporters.JUnitReportReporter -->
<testsuite hostname="DESKTOP-99156QE" failures="0" tests="1" name="Tests.LoginTest" time="1.948" errors="0" timestamp="2020-02-12T19:03:12 EET" skipped="0">
  <testcase classname="Tests.LoginTest" name="login" time="1.948"/>
  <system-out/>
</testsuite> <!-- Tests.LoginTest -->
